Streamline Covert Channel Sender with Num_Bits:1000000, Random Payload, LLC-Hit-Threshold-Comm:137 cycles. LLC-Hit-Threshold-Sync:137 cycles.  Start Tx-Rx-Delay-Cycles: 250000
Array Size: 67108864 bytes (0.06 GB). Starting index is: 104 (42th page)
Other Data-Structures Sizes: rx_time_obs:7.629395 MB, tx_payload:0.95 MB, rx_payload:0.95 MB.
Sender Process - PID:39146, TID:39146, CPU:1
policy=SCHED_FIFO, priority=99
Sender Ready: Done Initial Sync
Sender finished
Streamline Covert Channel Sender with Num_Bits:1000000, Random Payload, LLC-Hit-Threshold-Comm:137 cycles. LLC-Hit-Threshold-Sync:137 cycles.  Start Tx-Rx-Delay-Cycles: 250000
Array Size: 67108864 bytes (0.06 GB). Starting index is: 104 (42th page)
Other Data-Structures Sizes: rx_time_obs:7.629395 MB, tx_payload:0.95 MB, rx_payload:0.95 MB.
Sender Process - PID:39229, TID:39229, CPU:1
policy=SCHED_FIFO, priority=99
Sender Ready: Done Initial Sync
Sender finished
Streamline Covert Channel Sender with Num_Bits:1000000, Random Payload, LLC-Hit-Threshold-Comm:137 cycles. LLC-Hit-Threshold-Sync:137 cycles.  Start Tx-Rx-Delay-Cycles: 250000
Array Size: 67108864 bytes (0.06 GB). Starting index is: 104 (42th page)
Other Data-Structures Sizes: rx_time_obs:7.629395 MB, tx_payload:0.95 MB, rx_payload:0.95 MB.
Sender Process - PID:39289, TID:39289, CPU:1
policy=SCHED_FIFO, priority=99
Sender Ready: Done Initial Sync
Sender finished
Streamline Covert Channel Sender with Num_Bits:1000000, Random Payload, LLC-Hit-Threshold-Comm:137 cycles. LLC-Hit-Threshold-Sync:137 cycles.  Start Tx-Rx-Delay-Cycles: 250000
Array Size: 67108864 bytes (0.06 GB). Starting index is: 104 (42th page)
Other Data-Structures Sizes: rx_time_obs:7.629395 MB, tx_payload:0.95 MB, rx_payload:0.95 MB.
Sender Process - PID:39483, TID:39483, CPU:1
policy=SCHED_FIFO, priority=99
Sender Ready: Done Initial Sync
Sender finished
Streamline Covert Channel Sender with Num_Bits:1000000, Random Payload, LLC-Hit-Threshold-Comm:137 cycles. LLC-Hit-Threshold-Sync:137 cycles.  Start Tx-Rx-Delay-Cycles: 250000
Array Size: 67108864 bytes (0.06 GB). Starting index is: 104 (42th page)
Other Data-Structures Sizes: rx_time_obs:7.629395 MB, tx_payload:0.95 MB, rx_payload:0.95 MB.
Sender Process - PID:39509, TID:39509, CPU:1
policy=SCHED_FIFO, priority=99
Sender Ready: Done Initial Sync
Sender finished
Streamline Covert Channel Sender with Num_Bits:1000000, Random Payload, LLC-Hit-Threshold-Comm:137 cycles. LLC-Hit-Threshold-Sync:137 cycles.  Start Tx-Rx-Delay-Cycles: 250000
Array Size: 67108864 bytes (0.06 GB). Starting index is: 104 (42th page)
Other Data-Structures Sizes: rx_time_obs:7.629395 MB, tx_payload:0.95 MB, rx_payload:0.95 MB.
Sender Process - PID:39516, TID:39516, CPU:1
policy=SCHED_FIFO, priority=99
Sender Ready: Done Initial Sync
Sender finished
Streamline Covert Channel Sender with Num_Bits:1000000, Random Payload, LLC-Hit-Threshold-Comm:137 cycles. LLC-Hit-Threshold-Sync:137 cycles.  Start Tx-Rx-Delay-Cycles: 250000
Array Size: 67108864 bytes (0.06 GB). Starting index is: 104 (42th page)
Other Data-Structures Sizes: rx_time_obs:7.629395 MB, tx_payload:0.95 MB, rx_payload:0.95 MB.
Sender Process - PID:39711, TID:39711, CPU:1
policy=SCHED_FIFO, priority=99
Sender Ready: Done Initial Sync
Sender finished
Streamline Covert Channel Sender with Num_Bits:1000000, Random Payload, LLC-Hit-Threshold-Comm:137 cycles. LLC-Hit-Threshold-Sync:137 cycles.  Start Tx-Rx-Delay-Cycles: 250000
Array Size: 67108864 bytes (0.06 GB). Starting index is: 104 (42th page)
Other Data-Structures Sizes: rx_time_obs:7.629395 MB, tx_payload:0.95 MB, rx_payload:0.95 MB.
Sender Process - PID:39737, TID:39737, CPU:1
policy=SCHED_FIFO, priority=99
Sender Ready: Done Initial Sync
Sender finished
Streamline Covert Channel Sender with Num_Bits:1000000, Random Payload, LLC-Hit-Threshold-Comm:137 cycles. LLC-Hit-Threshold-Sync:137 cycles.  Start Tx-Rx-Delay-Cycles: 250000
Array Size: 67108864 bytes (0.06 GB). Starting index is: 104 (42th page)
Other Data-Structures Sizes: rx_time_obs:7.629395 MB, tx_payload:0.95 MB, rx_payload:0.95 MB.
Sender Process - PID:39753, TID:39753, CPU:1
policy=SCHED_FIFO, priority=99
Sender Ready: Done Initial Sync
Sender finished
Streamline Covert Channel Sender with Num_Bits:1000000, Random Payload, LLC-Hit-Threshold-Comm:137 cycles. LLC-Hit-Threshold-Sync:137 cycles.  Start Tx-Rx-Delay-Cycles: 250000
Array Size: 67108864 bytes (0.06 GB). Starting index is: 104 (42th page)
Other Data-Structures Sizes: rx_time_obs:7.629395 MB, tx_payload:0.95 MB, rx_payload:0.95 MB.
Sender Process - PID:39758, TID:39758, CPU:1
policy=SCHED_FIFO, priority=99
Sender Ready: Done Initial Sync
Sender finished
Streamline Covert Channel Sender with Num_Bits:1000000, Random Payload, LLC-Hit-Threshold-Comm:137 cycles. LLC-Hit-Threshold-Sync:137 cycles.  Start Tx-Rx-Delay-Cycles: 250000
Array Size: 67108864 bytes (0.06 GB). Starting index is: 104 (42th page)
Other Data-Structures Sizes: rx_time_obs:7.629395 MB, tx_payload:0.95 MB, rx_payload:0.95 MB.
Sender Process - PID:39764, TID:39764, CPU:1
policy=SCHED_FIFO, priority=99
Sender Ready: Done Initial Sync
Sender finished
Streamline Covert Channel Sender with Num_Bits:1000000, Random Payload, LLC-Hit-Threshold-Comm:137 cycles. LLC-Hit-Threshold-Sync:137 cycles.  Start Tx-Rx-Delay-Cycles: 250000
Array Size: 67108864 bytes (0.06 GB). Starting index is: 104 (42th page)
Other Data-Structures Sizes: rx_time_obs:7.629395 MB, tx_payload:0.95 MB, rx_payload:0.95 MB.
Sender Process - PID:39771, TID:39771, CPU:1
policy=SCHED_FIFO, priority=99
Sender Ready: Done Initial Sync
Sender finished
Streamline Covert Channel Sender with Num_Bits:1000000, Random Payload, LLC-Hit-Threshold-Comm:139 cycles. LLC-Hit-Threshold-Sync:139 cycles.  Start Tx-Rx-Delay-Cycles: 250000
Array Size: 67108864 bytes (0.06 GB). Starting index is: 104 (42th page)
Other Data-Structures Sizes: rx_time_obs:7.629395 MB, tx_payload:0.95 MB, rx_payload:0.95 MB.
Sender Process - PID:15744, TID:15744, CPU:1
policy=SCHED_FIFO, priority=99
Sender Ready: Done Initial Sync
Sender finished
